MPASM 5.87                           TP3.ASM   4-22-2026  11:43:55         PAGE  1


LOC  OBJECT CODE     LINE SOURCE TEXT
  VALUE

Warning[205]: Found directive in column 1. (LIST)
                      00001 LIST P=16F887
                      00002     #include <P16F887.INC>
                      00001         LIST
                      00002 
                      00003 ;==========================================================================
                      00004 ; Build date : Jan 06 2020
                      00005 ;  MPASM PIC16F887 processor include
                      00006 ; 
                      00007 ;  (c) Copyright 1999-2020 Microchip Technology, All rights reserved
                      00008 ;==========================================================================
                      00009 
                      00810         LIST
2007   2FE1           00003     __CONFIG _CONFIG1, _FOSC_XT & _WDTE_OFF & _PWRTE_ON & _MCLRE_ON & _LVP_OFF
2008   3FFF           00004     __CONFIG _CONFIG2, _WRT_OFF
                      00005 ;-----------------------------
                      00006 ; VARIABLES
  00000021            00007 DIG0     EQU 0x21
  00000022            00008 DIG1     EQU 0x22
  00000023            00009 DIG2     EQU 0x23
  00000024            00010 DIG3     EQU 0x24
  00000025            00011 ACTUAL   EQU 0x25
  00000026            00012 W_TEMP   EQU 0x26
  00000027            00013 S_TEMP   EQU 0x27
                      00014 ;-----------------------------
                      00015 ; Calculo Timer0 para 5ms = 4MHz:
                      00016 ; Fosc/4 = 1MHz  1 ciclo = 1us
                      00017 ; Prescaler 1:32  1 ciclo  = 32us
                      00018 ; 5ms / 32us = 156 cuentas
                      00019 ; Precarga = 256 - 156 = 100 aca arranca el timer0
                      00020 ; 4 displays x 5ms = 20ms = 50Hz
                      00021 ;-----------------------------
                      00022     ORG 0x00
0000   2???           00023     GOTO INICIO
                      00024     ORG 0x04
0004   2???           00025     GOTO INTER
                      00026     ORG 0x05
0005                  00027 TABLA:
0005   0782           00028     ADDWF PCL, F
0006   343F           00029     RETLW 0x3F          ; 0
0007   3406           00030     RETLW 0x06          ; 1
0008   345B           00031     RETLW 0x5B          ; 2
0009   344F           00032     RETLW 0x4F          ; 3
000A   3466           00033     RETLW 0x66          ; 4
000B   346D           00034     RETLW 0x6D          ; 5
000C   347D           00035     RETLW 0x7D          ; 6
000D   3407           00036     RETLW 0x07          ; 7
000E   347F           00037     RETLW 0x7F          ; 8
000F   346F           00038     RETLW 0x6F          ; 9
                      00039 ;-----------------------------
0010                  00040 INICIO:
0010   1683           00041     BSF STATUS, RP0
0011   1303           00042     BCF STATUS, RP1 ;al banco 1
MPASM 5.87                           TP3.ASM   4-22-2026  11:43:55         PAGE  2


LOC  OBJECT CODE     LINE SOURCE TEXT
  VALUE

Message[302]: Register in operand not in bank 0.  Ensure that bank bits are correct.
0012   0188           00043     CLRF TRISD ; salidas todas del puerto d 
Message[302]: Register in operand not in bank 0.  Ensure that bank bits are correct.
0013   0186           00044     CLRF TRISB ; ssalidas todas del puerto b
                      00045    ; CLRF ANSEL ;
                      00046     ;prescalamos a 1:32
                      00047     ; PS2 PS1 PS0 = 100
0014   3004           00048     MOVLW B'00000100' ; /RBPU activado(pull up), PSA = 0 para activar el prescaler, t0cs en 0 porque usa
                            mos el clock interno,
Message[302]: Register in operand not in bank 0.  Ensure that bank bits are correct.
0015   0081           00049     MOVWF OPTION_REG
0016   1703           00050     BSF STATUS, RP1 ; 11 vamos al banco 3
Message[302]: Register in operand not in bank 0.  Ensure that bank bits are correct.
0017   0189           00051     CLRF ANSELH
0018   1283           00052     BCF STATUS, RP0 
0019   1303           00053     BCF STATUS, RP1 ; al banco 0
001A   0188           00054     CLRF PORTD
001B   0186           00055     CLRF PORTB ; ponemosss en 0 los puertos b y d
001C   01A5           00056     CLRF ACTUAL ; empezamos por el display 0 
                      00057     ; Precarga = 256 - 156 = 100 osea  5ms
001D   3064           00058     MOVLW D'100' 
001E   0081           00059     MOVWF TMR0 ;tmr0 vale 100
001F   30A0           00060     MOVLW B'10100000'   ; GIE=1 para habilitar las inter, T0IE=1 habilita la del timer0 creo
0020   008B           00061     MOVWF INTCON
                      00062     ;-----
0021   3002           00063     MOVLW D'2'
0022   00A1           00064     MOVWF DIG0
0023   3000           00065     MOVLW D'0'
0024   00A2           00066     MOVWF DIG1
0025   3002           00067     MOVLW D'2'
0026   00A3           00068     MOVWF DIG2
0027   3006           00069     MOVLW D'6'
0028   00A4           00070     MOVWF DIG3
                      00071     ;muestra 2026
                      00072 ;-----------------------------
0029                  00073 LOOP:
                      00074     
                      00075     ;aca iria un codigo me imagino, lo del teclado supongo
0029   2???           00076     GOTO LOOP ; entra en el bucle hasta los 5ms de la inter
                      00077 ;-----------------------------
                      00078     ;aca guardamos los temporales
002A                  00079 INTER:
002A   00A6           00080     MOVWF W_TEMP
002B   0E03           00081     SWAPF STATUS, W    ;el orofe dijo que usabamos swapf para que no se modifiquen las banderas
002C   00A7           00082     MOVWF S_TEMP
                      00083    ; BTFSS INTCON, 2 ;se fija si el t0if es 1 (sig que hubo overflow)
                      00084    ; GOTO  FIN_INTER
                      00085     ; recargar TMR0 para proximos 5ms
002D   3064           00086     MOVLW D'100'
002E   0081           00087     MOVWF TMR0
002F   110B           00088     BCF   INTCON, 2; ponemos en 0 
                      00089     ; ponemoss en 0 los transistores
0030   0186           00090     CLRF  PORTB
MPASM 5.87                           TP3.ASM   4-22-2026  11:43:55         PAGE  3


LOC  OBJECT CODE     LINE SOURCE TEXT
  VALUE

                      00091     ;elije los segmentos
0031   0825           00092     MOVF  ACTUAL, W
0032   3A00           00093     XORLW 0x00 ; xor si valen lo mismo sale 0, sino 1
0033   1903           00094     BTFSC STATUS, Z ; se fija si z es 0
0034   2???           00095     GOTO  DISP0
0035   0825           00096     MOVF  ACTUAL, W
0036   3A01           00097     XORLW 0x01
0037   1903           00098     BTFSC STATUS, Z
0038   2???           00099     GOTO  DISP1
0039   0825           00100     MOVF  ACTUAL, W
003A   3A02           00101     XORLW 0x02
003B   1903           00102     BTFSC STATUS, Z
003C   2???           00103     GOTO  DISP2
003D   2???           00104     GOTO  DISP3
003E                  00105 DISP0:
003E   0821           00106     MOVF  DIG0, W   ;DIG0 valia 2
003F   2???           00107     CALL  TABLA     ; vamos a la tabla para buscar el 2 hexa
0040   0088           00108     MOVWF PORTD     ; mandamos el 2 por los puertos d
0041   1406           00109     BSF   PORTB, 0  ; le damos el 1 en el PB0
0042   2???           00110     GOTO  AVANZAR
0043                  00111 DISP1:
0043   0822           00112     MOVF  DIG1, W
0044   2???           00113     CALL  TABLA
0045   0088           00114     MOVWF PORTD
0046   1486           00115     BSF   PORTB, 1
0047   2???           00116     GOTO  AVANZAR
0048                  00117 DISP2:
0048   0823           00118     MOVF  DIG2, W
0049   2???           00119     CALL  TABLA
004A   0088           00120     MOVWF PORTD
004B   1506           00121     BSF   PORTB, 2
004C   2???           00122     GOTO  AVANZAR
004D                  00123 DISP3:
004D   0824           00124     MOVF  DIG3, W
004E   2???           00125     CALL  TABLA
004F   0088           00126     MOVWF PORTD
0050   1586           00127     BSF   PORTB, 3
0051                  00128 AVANZAR:
0051   0AA5           00129     INCF  ACTUAL, F
0052   0825           00130     MOVF  ACTUAL, W
0053   3C04           00131     SUBLW D'4'  
0054   1903           00132     BTFSC STATUS, Z  ;si Actual llega a ser 4 sig que nos pasamos y volvemos al display0
0055   01A5           00133     CLRF  ACTUAL
0056                  00134 FIN_INTER: ; volvemos a todo como estaba
0056   0E27           00135     SWAPF S_TEMP, W
0057   0083           00136     MOVWF STATUS
0058   0EA6           00137     SWAPF W_TEMP, F
0059   0E26           00138     SWAPF W_TEMP, W
005A   0009           00139     RETFIE ; volvemos al loop , se libera el stack aca y activa el gie devuelta
                      00140 ;-----------------------------
2FE1 3FFF             00141     END
MPASM 5.87                           TP3.ASM   4-22-2026  11:43:55         PAGE  4


SYMBOL TABLE
  LABEL                             VALUE 

ABDEN                             00000000
ABDOVF                            00000007
ACKDT                             00000005
ACKEN                             00000004
ACKSTAT                           00000006
ACTUAL                            00000025
ADCON0                            0000001F
ADCON1                            0000009F
ADCS0                             00000006
ADCS1                             00000007
ADDEN                             00000003
ADFM                              00000007
ADIE                              00000006
ADIF                              00000006
ADON                              00000000
ADRESH                            0000001E
ADRESL                            0000009E
ANS0                              00000000
ANS1                              00000001
ANS10                             00000002
ANS11                             00000003
ANS12                             00000004
ANS13                             00000005
ANS2                              00000002
ANS3                              00000003
ANS4                              00000004
ANS5                              00000005
ANS6                              00000006
ANS7                              00000007
ANS8                              00000000
ANS9                              00000001
ANSEL                             00000188
ANSELH                            00000189
AVANZAR                           00000051
BAUDCTL                           00000187
BCLIE                             00000003
BCLIF                             00000003
BF                                00000000
BRG0                              00000000
BRG1                              00000001
BRG10                             00000002
BRG11                             00000003
BRG12                             00000004
BRG13                             00000005
BRG14                             00000006
BRG15                             00000007
BRG16                             00000003
BRG2                              00000002
BRG3                              00000003
BRG4                              00000004
BRG5                              00000005
BRG6                              00000006
BRG7                              00000007
MPASM 5.87                           TP3.ASM   4-22-2026  11:43:55         PAGE  5


SYMBOL TABLE
  LABEL                             VALUE 

BRG8                              00000000
BRG9                              00000001
BRGH                              00000002
C                                 00000000
C1CH0                             00000000
C1CH1                             00000001
C1IE                              00000005
C1IF                              00000005
C1OE                              00000005
C1ON                              00000007
C1OUT                             00000006
C1POL                             00000004
C1R                               00000002
C1RSEL                            00000005
C1SEN                             00000005
C2CH0                             00000000
C2CH1                             00000001
C2IE                              00000006
C2IF                              00000006
C2OE                              00000005
C2ON                              00000007
C2OUT                             00000006
C2POL                             00000004
C2R                               00000002
C2REN                             00000004
C2RSEL                            00000004
C2SYNC                            00000000
CCP1CON                           00000017
CCP1IE                            00000002
CCP1IF                            00000002
CCP1M0                            00000000
CCP1M1                            00000001
CCP1M2                            00000002
CCP1M3                            00000003
CCP1X                             00000005
CCP1Y                             00000004
CCP2CON                           0000001D
CCP2IE                            00000000
CCP2IF                            00000000
CCP2M0                            00000000
CCP2M1                            00000001
CCP2M2                            00000002
CCP2M3                            00000003
CCP2X                             00000005
CCP2Y                             00000004
CCPR1                             00000015
CCPR1H                            00000016
CCPR1L                            00000015
CCPR2                             0000001B
CCPR2H                            0000001C
CCPR2L                            0000001B
CHS0                              00000002
CHS1                              00000003
MPASM 5.87                           TP3.ASM   4-22-2026  11:43:55         PAGE  6


SYMBOL TABLE
  LABEL                             VALUE 

CHS2                              00000004
CHS3                              00000005
CKE                               00000006
CKP                               00000004
CM1CON0                           00000107
CM2CON0                           00000108
CM2CON1                           00000109
CREN                              00000004
CSRC                              00000007
D                                 00000005
DATA_ADDRESS                      00000005
DC                                00000001
DC1B0                             00000004
DC1B1                             00000005
DC2B0                             00000004
DC2B1                             00000005
DIG0                              00000021
DIG1                              00000022
DIG2                              00000023
DIG3                              00000024
DISP0                             0000003E
DISP1                             00000043
DISP2                             00000048
DISP3                             0000004D
D_A                               00000005
D_NOT_A                           00000005
ECCPAS                            0000009C
ECCPAS0                           00000004
ECCPAS1                           00000005
ECCPAS2                           00000006
ECCPASE                           00000007
EEADR                             0000010D
EEADRH                            0000010F
EECON1                            0000018C
EECON2                            0000018D
EEDAT                             0000010C
EEDATA                            0000010C
EEDATH                            0000010E
EEIE                              00000004
EEIF                              00000004
EEPGD                             00000007
F                                 00000001
FERR                              00000002
FIN_INTER                         00000056
FSR                               00000004
FVREN                             00000000
GCEN                              00000007
GIE                               00000007
GO                                00000001
GO_DONE                           00000001
GO_NOT_DONE                       00000001
HTS                               00000002
I2C_DATA                          00000005
MPASM 5.87                           TP3.ASM   4-22-2026  11:43:55         PAGE  7


SYMBOL TABLE
  LABEL                             VALUE 

I2C_READ                          00000002
I2C_START                         00000003
I2C_STOP                          00000004
INDF                              00000000
INICIO                            00000010
INTCON                            0000000B
INTE                              00000004
INTEDG                            00000006
INTER                             0000002A
INTF                              00000001
IOCB                              00000096
IOCB0                             00000000
IOCB1                             00000001
IOCB2                             00000002
IOCB3                             00000003
IOCB4                             00000004
IOCB5                             00000005
IOCB6                             00000006
IOCB7                             00000007
IRCF0                             00000004
IRCF1                             00000005
IRCF2                             00000006
IRP                               00000007
LOOP                              00000029
LTS                               00000001
MC1OUT                            00000007
MC2OUT                            00000006
MSK                               00000093
MSK0                              00000000
MSK1                              00000001
MSK2                              00000002
MSK3                              00000003
MSK4                              00000004
MSK5                              00000005
MSK6                              00000006
MSK7                              00000007
NOT_A                             00000005
NOT_ADDRESS                       00000005
NOT_BO                            00000000
NOT_BOR                           00000000
NOT_DONE                          00000001
NOT_PD                            00000003
NOT_POR                           00000001
NOT_RBPU                          00000007
NOT_RC8                           00000006
NOT_T1SYNC                        00000002
NOT_TO                            00000004
NOT_TX8                           00000006
NOT_W                             00000002
NOT_WRITE                         00000002
OERR                              00000001
OPTION_REG                        00000081
OSCCON                            0000008F
MPASM 5.87                           TP3.ASM   4-22-2026  11:43:55         PAGE  8


SYMBOL TABLE
  LABEL                             VALUE 

OSCTUNE                           00000090
OSFIE                             00000007
OSFIF                             00000007
OSTS                              00000003
P                                 00000004
P1M0                              00000006
P1M1                              00000007
PCL                               00000002
PCLATH                            0000000A
PCON                              0000008E
PDC0                              00000000
PDC1                              00000001
PDC2                              00000002
PDC3                              00000003
PDC4                              00000004
PDC5                              00000005
PDC6                              00000006
PEIE                              00000006
PEN                               00000002
PIE1                              0000008C
PIE2                              0000008D
PIR1                              0000000C
PIR2                              0000000D
PORTA                             00000005
PORTB                             00000006
PORTC                             00000007
PORTD                             00000008
PORTE                             00000009
PR2                               00000092
PRSEN                             00000007
PS0                               00000000
PS1                               00000001
PS2                               00000002
PSA                               00000003
PSSAC0                            00000002
PSSAC1                            00000003
PSSBD0                            00000000
PSSBD1                            00000001
PSTRCON                           0000009D
PULSR                             00000002
PULSS                             00000003
PWM1CON                           0000009B
R                                 00000002
RA0                               00000000
RA1                               00000001
RA2                               00000002
RA3                               00000003
RA4                               00000004
RA5                               00000005
RA6                               00000006
RA7                               00000007
RB0                               00000000
RB1                               00000001
MPASM 5.87                           TP3.ASM   4-22-2026  11:43:55         PAGE  9


SYMBOL TABLE
  LABEL                             VALUE 

RB2                               00000002
RB3                               00000003
RB4                               00000004
RB5                               00000005
RB6                               00000006
RB7                               00000007
RBIE                              00000003
RBIF                              00000000
RC0                               00000000
RC1                               00000001
RC2                               00000002
RC3                               00000003
RC4                               00000004
RC5                               00000005
RC6                               00000006
RC7                               00000007
RC8_9                             00000006
RC9                               00000006
RCD8                              00000000
RCEN                              00000003
RCIDL                             00000006
RCIE                              00000005
RCIF                              00000005
RCREG                             0000001A
RCSTA                             00000018
RD                                00000000
RD0                               00000000
RD1                               00000001
RD2                               00000002
RD3                               00000003
RD4                               00000004
RD5                               00000005
RD6                               00000006
RD7                               00000007
RE0                               00000000
RE1                               00000001
RE2                               00000002
RE3                               00000003
READ_WRITE                        00000002
RP0                               00000005
RP1                               00000006
RSEN                              00000001
RX9                               00000006
RX9D                              00000000
R_NOT_W                           00000002
R_W                               00000002
S                                 00000003
SBOREN                            00000004
SCKP                              00000004
SCS                               00000000
SEN                               00000000
SENDB                             00000003
SMP                               00000007
MPASM 5.87                           TP3.ASM   4-22-2026  11:43:55         PAGE 10


SYMBOL TABLE
  LABEL                             VALUE 

SPBRG                             00000099
SPBRGH                            0000009A
SPEN                              00000007
SR0                               00000006
SR1                               00000007
SRCON                             00000185
SREN                              00000005
SSPADD                            00000093
SSPBUF                            00000013
SSPCON                            00000014
SSPCON2                           00000091
SSPEN                             00000005
SSPIE                             00000003
SSPIF                             00000003
SSPM0                             00000000
SSPM1                             00000001
SSPM2                             00000002
SSPM3                             00000003
SSPMSK                            00000093
SSPOV                             00000006
SSPSTAT                           00000094
STATUS                            00000003
STRA                              00000000
STRB                              00000001
STRC                              00000002
STRD                              00000003
STRSYNC                           00000004
SWDTEN                            00000000
SYNC                              00000004
S_TEMP                            00000027
T0CS                              00000005
T0IE                              00000005
T0IF                              00000002
T0SE                              00000004
T1CKPS0                           00000004
T1CKPS1                           00000005
T1CON                             00000010
T1GINV                            00000007
T1GIV                             00000007
T1GSS                             00000001
T1INSYNC                          00000002
T1OSCEN                           00000003
T1SYNC                            00000002
T2CKPS0                           00000000
T2CKPS1                           00000001
T2CON                             00000012
TABLA                             00000005
TMR0                              00000001
TMR0IE                            00000005
TMR0IF                            00000002
TMR1                              0000000E
TMR1CS                            00000001
TMR1GE                            00000006
MPASM 5.87                           TP3.ASM   4-22-2026  11:43:55         PAGE 11


SYMBOL TABLE
  LABEL                             VALUE 

TMR1H                             0000000F
TMR1IE                            00000000
TMR1IF                            00000000
TMR1L                             0000000E
TMR1ON                            00000000
TMR2                              00000011
TMR2IE                            00000001
TMR2IF                            00000001
TMR2ON                            00000002
TOUTPS0                           00000003
TOUTPS1                           00000004
TOUTPS2                           00000005
TOUTPS3                           00000006
TRISA                             00000085
TRISA0                            00000000
TRISA1                            00000001
TRISA2                            00000002
TRISA3                            00000003
TRISA4                            00000004
TRISA5                            00000005
TRISA6                            00000006
TRISA7                            00000007
TRISB                             00000086
TRISB0                            00000000
TRISB1                            00000001
TRISB2                            00000002
TRISB3                            00000003
TRISB4                            00000004
TRISB5                            00000005
TRISB6                            00000006
TRISB7                            00000007
TRISC                             00000087
TRISC0                            00000000
TRISC1                            00000001
TRISC2                            00000002
TRISC3                            00000003
TRISC4                            00000004
TRISC5                            00000005
TRISC6                            00000006
TRISC7                            00000007
TRISD                             00000088
TRISD0                            00000000
TRISD1                            00000001
TRISD2                            00000002
TRISD3                            00000003
TRISD4                            00000004
TRISD5                            00000005
TRISD6                            00000006
TRISD7                            00000007
TRISE                             00000089
TRISE0                            00000000
TRISE1                            00000001
TRISE2                            00000002
MPASM 5.87                           TP3.ASM   4-22-2026  11:43:55         PAGE 12


SYMBOL TABLE
  LABEL                             VALUE 

TRISE3                            00000003
TRMT                              00000001
TUN0                              00000000
TUN1                              00000001
TUN2                              00000002
TUN3                              00000003
TUN4                              00000004
TX8_9                             00000006
TX9                               00000006
TX9D                              00000000
TXD8                              00000000
TXEN                              00000005
TXIE                              00000004
TXIF                              00000004
TXREG                             00000019
TXSTA                             00000098
UA                                00000001
ULPWUE                            00000005
ULPWUIE                           00000002
ULPWUIF                           00000002
VCFG0                             00000004
VCFG1                             00000005
VR0                               00000000
VR1                               00000001
VR2                               00000002
VR3                               00000003
VRCON                             00000097
VREN                              00000007
VROE                              00000006
VRR                               00000005
VRSS                              00000004
W                                 00000000
WCOL                              00000007
WDTCON                            00000105
WDTPS0                            00000001
WDTPS1                            00000002
WDTPS2                            00000003
WDTPS3                            00000004
WPUB                              00000095
WPUB0                             00000000
WPUB1                             00000001
WPUB2                             00000002
WPUB3                             00000003
WPUB4                             00000004
WPUB5                             00000005
WPUB6                             00000006
WPUB7                             00000007
WR                                00000001
WREN                              00000002
WRERR                             00000003
WUE                               00000001
W_TEMP                            00000026
Z                                 00000002
MPASM 5.87                           TP3.ASM   4-22-2026  11:43:55         PAGE 13


SYMBOL TABLE
  LABEL                             VALUE 

_BOR21V                           00003EFF
_BOR40V                           00003FFF
_BOR4V_BOR21V                     00003EFF
_BOR4V_BOR40V                     00003FFF
_BOREN_NSLEEP                     00003EFF
_BOREN_OFF                        00003CFF
_BOREN_ON                         00003FFF
_BOREN_SBODEN                     00003DFF
_BOR_NSLEEP                       00003EFF
_BOR_OFF                          00003CFF
_BOR_ON                           00003FFF
_BOR_SBODEN                       00003DFF
_CONFIG1                          00002007
_CONFIG2                          00002008
_CPD_OFF                          00003FFF
_CPD_ON                           00003F7F
_CP_OFF                           00003FFF
_CP_ON                            00003FBF
_DEBUG_OFF                        00003FFF
_DEBUG_ON                         00001FFF
_DEVID1                           00002006
_EC_OSC                           00003FFB
_EXTRC                            00003FFF
_EXTRCIO                          00003FFE
_EXTRC_OSC_CLKOUT                 00003FFF
_EXTRC_OSC_NOCLKOUT               00003FFE
_FCMEN_OFF                        000037FF
_FCMEN_ON                         00003FFF
_FOSC_EC                          00003FFB
_FOSC_EXTRC_CLKOUT                00003FFF
_FOSC_EXTRC_NOCLKOUT              00003FFE
_FOSC_HS                          00003FFA
_FOSC_INTRC_CLKOUT                00003FFD
_FOSC_INTRC_NOCLKOUT              00003FFC
_FOSC_LP                          00003FF8
_FOSC_XT                          00003FF9
_HS_OSC                           00003FFA
_IDLOC0                           00002000
_IDLOC1                           00002001
_IDLOC2                           00002002
_IDLOC3                           00002003
_IESO_OFF                         00003BFF
_IESO_ON                          00003FFF
_INTOSC                           00003FFD
_INTOSCIO                         00003FFC
_INTRC_OSC_CLKOUT                 00003FFD
_INTRC_OSC_NOCLKOUT               00003FFC
_LP_OSC                           00003FF8
_LVP_OFF                          00002FFF
_LVP_ON                           00003FFF
_MCLRE_OFF                        00003FDF
_MCLRE_ON                         00003FFF
_PWRTE_OFF                        00003FFF
MPASM 5.87                           TP3.ASM   4-22-2026  11:43:55         PAGE 14


SYMBOL TABLE
  LABEL                             VALUE 

_PWRTE_ON                         00003FEF
_WDTE_OFF                         00003FF7
_WDTE_ON                          00003FFF
_WDT_OFF                          00003FF7
_WDT_ON                           00003FFF
_WRT_1FOURTH                      00003BFF
_WRT_256                          00003DFF
_WRT_HALF                         000039FF
_WRT_OFF                          00003FFF
_XT_OSC                           00003FF9
__16F887                          00000001

Errors   :     0
Warnings :     1 reported,     0 suppressed
Messages :     4 reported,     0 suppressed

