MPASM 5.87                  TECLADOYDISP.ASM   5-12-2026  15:54:43         PAGE  1


LOC  OBJECT CODE     LINE SOURCE TEXT
  VALUE

Warning[205]: Found directive in column 1. (LIST)
                      00001 LIST P=16F887
                      00002     #include <P16F887.INC>
                      00001         LIST
                      00002 
                      00003 ;==========================================================================
                      00004 ; Build date : Jan 06 2020
                      00005 ;  MPASM PIC16F887 processor include
                      00006 ; 
                      00007 ;  (c) Copyright 1999-2020 Microchip Technology, All rights reserved
                      00008 ;==========================================================================
                      00009 
                      00810         LIST
                      00003 
2007   2FE1           00004     __CONFIG _CONFIG1, _FOSC_XT & _WDTE_OFF & _PWRTE_ON & _MCLRE_ON & _LVP_OFF
2008   3FFF           00005     __CONFIG _CONFIG2, _WRT_OFF
                      00006 
                      00007 ;====================================================
                      00008 ; VARIABLES
                      00009 ;====================================================
                      00010 
  00000021            00011 DIG0     EQU 0x21
  00000022            00012 DIG1     EQU 0x22
  00000023            00013 DIG2     EQU 0x23
  00000024            00014 DIG3     EQU 0x24
                      00015 
  00000025            00016 ACTUAL   EQU 0x25
                      00017 
  00000026            00018 W_TEMP   EQU 0x26
  00000027            00019 S_TEMP   EQU 0x27
                      00020 
  00000028            00021 TECLA    EQU 0x28
                      00022 
  00000029            00023 REG2     EQU 0x29
  0000002A            00024 REG3     EQU 0x2A
  0000002B            00025 REG4     EQU 0x2B
                      00026 
                      00027 ;====================================================
                      00028 ; RESET / INTERRUPCIONES
                      00029 ;====================================================
                      00030 
                      00031     ORG 0x00
0000   2???           00032     GOTO INICIO
                      00033 
                      00034     ORG 0x04
0004   2???           00035     GOTO ISR
                      00036 
                      00037 ;====================================================
                      00038 ; TABLA 7 SEGMENTOS
                      00039 ;====================================================
                      00040 
                      00041     ORG 0x05
                      00042 
MPASM 5.87                  TECLADOYDISP.ASM   5-12-2026  15:54:43         PAGE  2


LOC  OBJECT CODE     LINE SOURCE TEXT
  VALUE

0005                  00043 TABLA:
0005   0782           00044     ADDWF PCL,F
                      00045 
0006   343F           00046     RETLW 0x3F ;0
0007   3406           00047     RETLW 0x06 ;1
0008   345B           00048     RETLW 0x5B ;2
0009   344F           00049     RETLW 0x4F ;3
000A   3466           00050     RETLW 0x66 ;4
000B   346D           00051     RETLW 0x6D ;5
000C   347D           00052     RETLW 0x7D ;6
000D   3407           00053     RETLW 0x07 ;7
000E   347F           00054     RETLW 0x7F ;8
000F   346F           00055     RETLW 0x6F ;9
                      00056 
                      00057 ;====================================================
                      00058 ; INICIO
                      00059 ;====================================================
                      00060 
0010                  00061 INICIO:
                      00062 
0010   1683           00063     BSF STATUS,RP0
0011   1303           00064     BCF STATUS,RP1
                      00065 
                      00066 ; PORTD salida
Message[302]: Register in operand not in bank 0.  Ensure that bank bits are correct.
0012   0188           00067     CLRF TRISD
Warning[203]: Found opcode in column 1. (MOVLW)
0013   30F0           00068 MOVLW B'11110000'
Message[302]: Register in operand not in bank 0.  Ensure that bank bits are correct.
0014   0096           00069     MOVWF IOCB
                      00070 ; RB0-RB3 salida
                      00071 ; RB4-RB7 entrada
0015   30F0           00072     MOVLW B'11110000'
Message[302]: Register in operand not in bank 0.  Ensure that bank bits are correct.
0016   0086           00073     MOVWF TRISB
                      00074 
                      00075 ; PORTC salida
Message[302]: Register in operand not in bank 0.  Ensure that bank bits are correct.
0017   0187           00076     CLRF TRISC
                      00077 
                      00078 ; pullups ON
                      00079 ; prescaler 1:32
0018   3004           00080     MOVLW B'00000100'
Message[302]: Register in operand not in bank 0.  Ensure that bank bits are correct.
0019   0081           00081     MOVWF OPTION_REG
                      00082 
                      00083 ; banco 3
001A   1703           00084     BSF STATUS,RP1
Message[302]: Register in operand not in bank 0.  Ensure that bank bits are correct.
001B   0189           00085     CLRF ANSELH
                      00086 
                      00087 ; banco 0
001C   1283           00088     BCF STATUS,RP0
MPASM 5.87                  TECLADOYDISP.ASM   5-12-2026  15:54:43         PAGE  3


LOC  OBJECT CODE     LINE SOURCE TEXT
  VALUE

001D   1303           00089     BCF STATUS,RP1
                      00090 
001E   0187           00091     CLRF PORTC
001F   0188           00092     CLRF PORTD
                      00093 
                      00094 ; filas inactivas
0020   30F0           00095     MOVLW B'11110000'
0021   0086           00096     MOVWF PORTB
                      00097 
                      00098 ; timer0
0022   3064           00099     MOVLW D'100'
0023   0081           00100     MOVWF TMR0
                      00101 
                      00102 ; limpiar mismatch
0024   0806           00103     MOVF PORTB,W
                      00104 
                      00105 ; limpiar flags
0025   100B           00106     BCF INTCON,RBIF
0026   110B           00107     BCF INTCON,T0IF
                      00108 
                      00109 ; GIE T0IE RBIE
0027   30A8           00110     MOVLW B'10101000'
0028   008B           00111     MOVWF INTCON
                      00112 
0029   01A1           00113     CLRF DIG0
002A   01A2           00114     CLRF DIG1
002B   01A3           00115     CLRF DIG2
002C   01A4           00116     CLRF DIG3
                      00117 
002D   01A5           00118     CLRF ACTUAL
                      00119 
                      00120 ;====================================================
                      00121 ; LOOP VACIO
                      00122 ;====================================================
                      00123 
002E                  00124 LOOP:
002E   2???           00125     GOTO LOOP
                      00126 
                      00127 ;====================================================
                      00128 ; ISR
                      00129 ;====================================================
                      00130 
002F                  00131 ISR:
                      00132 
                      00133 ;--------------------------------
                      00134 ; GUARDAR CONTEXTO
                      00135 ;--------------------------------
                      00136 
002F   00A6           00137     MOVWF W_TEMP
                      00138 
0030   0E03           00139     SWAPF STATUS,W
0031   00A7           00140     MOVWF S_TEMP
                      00141 
MPASM 5.87                  TECLADOYDISP.ASM   5-12-2026  15:54:43         PAGE  4


LOC  OBJECT CODE     LINE SOURCE TEXT
  VALUE

                      00142 ;--------------------------------
                      00143 ; INTERRUPCION RB
                      00144 ;--------------------------------
                      00145 
0032   180B           00146     BTFSC INTCON,RBIF
0033   2???           00147     GOTO INTERB
                      00148 
                      00149 ;--------------------------------
                      00150 ; TIMER0
                      00151 ;--------------------------------
                      00152 
0034   2???           00153     GOTO INTERT
                      00154 
                      00155 ;====================================================
                      00156 ; INTERRUPCION RB
                      00157 ;====================================================
                      00158 
0035                  00159 INTERB:
                      00160 
                      00161 ; limpiar mismatch
0035   0806           00162     MOVF PORTB,W
                      00163 
                      00164 ; limpiar flag
0036   100B           00165     BCF INTCON,RBIF
                      00166 
                      00167 ; leer teclado
0037   2???           00168     CALL LEER_TECLADO
                      00169 
                      00170 ; tecla valida?
0038   0828           00171     MOVF TECLA,W
0039   3C09           00172     SUBLW D'9'
                      00173 
003A   1C03           00174     BTFSS STATUS,C
003B   2???           00175     GOTO FIN_INTER
                      00176 
                      00177 ; desplazar displays
003C   0822           00178     MOVF DIG1,W
003D   00A1           00179     MOVWF DIG0
                      00180 
003E   0823           00181     MOVF DIG2,W
003F   00A2           00182     MOVWF DIG1
                      00183 
0040   0824           00184     MOVF DIG3,W
0041   00A3           00185     MOVWF DIG2
                      00186 
0042   0828           00187     MOVF TECLA,W
0043   00A4           00188     MOVWF DIG3
                      00189 
0044   2???           00190     GOTO FIN_INTER
                      00191 
                      00192 ;====================================================
                      00193 ; LEER TECLADO
                      00194 ;====================================================
MPASM 5.87                  TECLADOYDISP.ASM   5-12-2026  15:54:43         PAGE  5


LOC  OBJECT CODE     LINE SOURCE TEXT
  VALUE

                      00195 
0045                  00196 LEER_TECLADO:
                      00197 
0045   30FF           00198     MOVLW 0xFF
0046   00A8           00199     MOVWF TECLA
                      00200 
                      00201 ;--------------------------------
                      00202 ; FILA 0
                      00203 ;--------------------------------
                      00204 
0047   300E           00205     MOVLW B'00001110'
0048   0086           00206     MOVWF PORTB
                      00207 
0049   2???           00208     CALL DELAY_SCAN
                      00209 
004A   1E06           00210     BTFSS PORTB,4
004B   2???           00211     GOTO TECLA_1
                      00212 
004C   1E86           00213     BTFSS PORTB,5
004D   2???           00214     GOTO TECLA_2
                      00215 
004E   1F06           00216     BTFSS PORTB,6
004F   2???           00217     GOTO TECLA_3
                      00218 
                      00219 ;--------------------------------
                      00220 ; FILA 1
                      00221 ;--------------------------------
                      00222 
0050   300D           00223     MOVLW B'00001101'
0051   0086           00224     MOVWF PORTB
                      00225 
0052   2???           00226     CALL DELAY_SCAN
                      00227 
0053   1E06           00228     BTFSS PORTB,4
0054   2???           00229     GOTO TECLA_4
                      00230 
0055   1E86           00231     BTFSS PORTB,5
0056   2???           00232     GOTO TECLA_5
                      00233 
0057   1F06           00234     BTFSS PORTB,6
0058   2???           00235     GOTO TECLA_6
                      00236 
                      00237 ;--------------------------------
                      00238 ; FILA 2
                      00239 ;--------------------------------
                      00240 
0059   300B           00241     MOVLW B'00001011'
005A   0086           00242     MOVWF PORTB
                      00243 
005B   2???           00244     CALL DELAY_SCAN
                      00245 
005C   1E06           00246     BTFSS PORTB,4
005D   2???           00247     GOTO TECLA_7
MPASM 5.87                  TECLADOYDISP.ASM   5-12-2026  15:54:43         PAGE  6


LOC  OBJECT CODE     LINE SOURCE TEXT
  VALUE

                      00248 
005E   1E86           00249     BTFSS PORTB,5
005F   2???           00250     GOTO TECLA_8
                      00251 
0060   1F06           00252     BTFSS PORTB,6
0061   2???           00253     GOTO TECLA_9
                      00254 
                      00255 ;--------------------------------
                      00256 ; FILA 3
                      00257 ;--------------------------------
                      00258 
0062   3007           00259     MOVLW B'00000111'
0063   0086           00260     MOVWF PORTB
                      00261 
0064   2???           00262     CALL DELAY_SCAN
                      00263 
0065   1E86           00264     BTFSS PORTB,5
0066   2???           00265     GOTO TECLA_0
                      00266 
                      00267 ; ninguna tecla
Warning[203]: Found opcode in column 1. (CLRF)
0067   0186           00268 CLRF PORTB
0068   0008           00269     RETURN
                      00270 
                      00271 ;====================================================
                      00272 ; TECLAS
                      00273 ;====================================================
                      00274 
0069                  00275 TECLA_0:
0069   3000           00276     MOVLW D'0'
006A   2???           00277     GOTO GUARDA_TECLA
                      00278 
006B                  00279 TECLA_1:
006B   3001           00280     MOVLW D'1'
006C   2???           00281     GOTO GUARDA_TECLA
                      00282 
006D                  00283 TECLA_2:
006D   3002           00284     MOVLW D'2'
006E   2???           00285     GOTO GUARDA_TECLA
                      00286 
006F                  00287 TECLA_3:
006F   3003           00288     MOVLW D'3'
0070   2???           00289     GOTO GUARDA_TECLA
                      00290 
0071                  00291 TECLA_4:
0071   3004           00292     MOVLW D'4'
0072   2???           00293     GOTO GUARDA_TECLA
                      00294 
0073                  00295 TECLA_5:
0073   3005           00296     MOVLW D'5'
0074   2???           00297     GOTO GUARDA_TECLA
                      00298 
0075                  00299 TECLA_6:
MPASM 5.87                  TECLADOYDISP.ASM   5-12-2026  15:54:43         PAGE  7


LOC  OBJECT CODE     LINE SOURCE TEXT
  VALUE

0075   3006           00300     MOVLW D'6'
0076   2???           00301     GOTO GUARDA_TECLA
                      00302 
0077                  00303 TECLA_7:
0077   3007           00304     MOVLW D'7'
0078   2???           00305     GOTO GUARDA_TECLA
                      00306 
0079                  00307 TECLA_8:
0079   3008           00308     MOVLW D'8'
007A   2???           00309     GOTO GUARDA_TECLA
                      00310 
007B                  00311 TECLA_9:
007B   3009           00312     MOVLW D'9'
007C   2???           00313     GOTO GUARDA_TECLA
                      00314 
                      00315 ;====================================================
                      00316 ; GUARDAR TECLA
                      00317 ;====================================================
                      00318 
007D                  00319 GUARDA_TECLA:
                      00320 
007D   00A8           00321     MOVWF TECLA
                      00322 
007E                  00323 ESPERA_SOLTAR:
                      00324 
007E   3000           00325     MOVLW B'00000000'
007F   0086           00326     MOVWF PORTB
                      00327 
0080   2???           00328     CALL DELAY_SCAN
                      00329 
0081   0806           00330     MOVF PORTB,W
0082   39F0           00331     ANDLW B'11110000'
0083   3AF0           00332     XORLW B'11110000'
                      00333 
0084   1D03           00334     BTFSS STATUS,Z
0085   2???           00335     GOTO ESPERA_SOLTAR
                      00336 
0086   2???           00337     CALL ANTIRREBOTE
                      00338 
0087   300F           00339     MOVLW B'00001111'
0088   0086           00340     MOVWF PORTB
                      00341 
0089   0008           00342     RETURN
                      00343 
                      00344 ;====================================================
                      00345 ; DELAY
                      00346 ;====================================================
                      00347 
008A                  00348 DELAY_SCAN:
                      00349 
008A   3001           00350     MOVLW D'1'
008B   00A9           00351     MOVWF REG2
                      00352 
MPASM 5.87                  TECLADOYDISP.ASM   5-12-2026  15:54:43         PAGE  8


LOC  OBJECT CODE     LINE SOURCE TEXT
  VALUE

008C                  00353 DS1:
008C   3064           00354     MOVLW D'100'
008D   00AA           00355     MOVWF REG3
                      00356 
008E                  00357 DS2:
008E   0BAA           00358     DECFSZ REG3,F
008F   2???           00359     GOTO DS2
                      00360 
0090   0BA9           00361     DECFSZ REG2,F
0091   2???           00362     GOTO DS1
                      00363 
0092   0008           00364     RETURN
                      00365 
                      00366 ;====================================================
                      00367 ; ANTIRREBOTE
                      00368 ;====================================================
                      00369 
0093                  00370 ANTIRREBOTE:
                      00371 
0093   3001           00372     MOVLW D'1'
0094   00A9           00373     MOVWF REG2
                      00374 
0095                  00375 AR1:
0095   3064           00376     MOVLW D'100'
0096   00AA           00377     MOVWF REG3
                      00378 
0097                  00379 AR2:
0097   0BAA           00380     DECFSZ REG3,F
0098   2???           00381     GOTO AR2
                      00382 
0099   0BA9           00383     DECFSZ REG2,F
009A   2???           00384     GOTO AR1
                      00385 
009B   0008           00386     RETURN
                      00387 
                      00388 ;====================================================
                      00389 ; TIMER0 DISPLAY
                      00390 ;====================================================
                      00391 
009C                  00392 INTERT:
                      00393 
009C   110B           00394     BCF INTCON,T0IF
                      00395 
009D   3064           00396     MOVLW D'100'
009E   0081           00397     MOVWF TMR0
                      00398 
                      00399 ; apagar displays
009F   0187           00400     CLRF PORTC
                      00401 
                      00402 ;--------------------------------
                      00403 ; DISPLAY 0
                      00404 ;--------------------------------
                      00405 
MPASM 5.87                  TECLADOYDISP.ASM   5-12-2026  15:54:43         PAGE  9


LOC  OBJECT CODE     LINE SOURCE TEXT
  VALUE

00A0   0825           00406     MOVF ACTUAL,W
00A1   3A00           00407     XORLW D'0'
                      00408 
00A2   1903           00409     BTFSC STATUS,Z
00A3   2???           00410     GOTO DISP0
                      00411 
                      00412 ;--------------------------------
                      00413 ; DISPLAY 1
                      00414 ;--------------------------------
                      00415 
00A4   0825           00416     MOVF ACTUAL,W
00A5   3A01           00417     XORLW D'1'
                      00418 
00A6   1903           00419     BTFSC STATUS,Z
00A7   2???           00420     GOTO DISP1
                      00421 
                      00422 ;--------------------------------
                      00423 ; DISPLAY 2
                      00424 ;--------------------------------
                      00425 
00A8   0825           00426     MOVF ACTUAL,W
00A9   3A02           00427     XORLW D'2'
                      00428 
00AA   1903           00429     BTFSC STATUS,Z
00AB   2???           00430     GOTO DISP2
                      00431 
                      00432 ;--------------------------------
                      00433 ; DISPLAY 3
                      00434 ;--------------------------------
                      00435 
00AC   2???           00436     GOTO DISP3
                      00437 
                      00438 ;====================================================
                      00439 
00AD                  00440 DISP0:
                      00441 
00AD   0821           00442     MOVF DIG0,W
00AE   2???           00443     CALL TABLA
00AF   0088           00444     MOVWF PORTD
                      00445 
00B0   1407           00446     BSF PORTC,0
                      00447 
00B1   2???           00448     GOTO AVANZAR
                      00449 
                      00450 ;====================================================
                      00451 
00B2                  00452 DISP1:
                      00453 
00B2   0822           00454     MOVF DIG1,W
00B3   2???           00455     CALL TABLA
00B4   0088           00456     MOVWF PORTD
                      00457 
00B5   1487           00458     BSF PORTC,1
MPASM 5.87                  TECLADOYDISP.ASM   5-12-2026  15:54:43         PAGE 10


LOC  OBJECT CODE     LINE SOURCE TEXT
  VALUE

                      00459 
00B6   2???           00460     GOTO AVANZAR
                      00461 
                      00462 ;====================================================
                      00463 
00B7                  00464 DISP2:
                      00465 
00B7   0823           00466     MOVF DIG2,W
00B8   2???           00467     CALL TABLA
00B9   0088           00468     MOVWF PORTD
                      00469 
00BA   1507           00470     BSF PORTC,2
                      00471 
00BB   2???           00472     GOTO AVANZAR
                      00473 
                      00474 ;====================================================
                      00475 
00BC                  00476 DISP3:
                      00477 
00BC   0824           00478     MOVF DIG3,W
00BD   2???           00479     CALL TABLA
00BE   0088           00480     MOVWF PORTD
                      00481 
00BF   1587           00482     BSF PORTC,3
                      00483 
                      00484 ;====================================================
                      00485 
00C0                  00486 AVANZAR:
                      00487 
00C0   0AA5           00488     INCF ACTUAL,F
                      00489 
00C1   0825           00490     MOVF ACTUAL,W
00C2   3C04           00491     SUBLW D'4'
                      00492 
00C3   1903           00493     BTFSC STATUS,Z
00C4   01A5           00494     CLRF ACTUAL
                      00495 
00C5   2???           00496     GOTO FIN_INTER
                      00497 
                      00498 ;====================================================
                      00499 ; FIN ISR
                      00500 ;====================================================
                      00501 
00C6                  00502 FIN_INTER:
                      00503 
00C6   0E27           00504     SWAPF S_TEMP,W
00C7   0083           00505     MOVWF STATUS
                      00506 
00C8   0EA6           00507     SWAPF W_TEMP,F
00C9   0E26           00508     SWAPF W_TEMP,W
                      00509 
00CA   0009           00510     RETFIE
                      00511 
MPASM 5.87                  TECLADOYDISP.ASM   5-12-2026  15:54:43         PAGE 11


LOC  OBJECT CODE     LINE SOURCE TEXT
  VALUE

                      00512 ;====================================================
                      00513 
Warning[205]: Found directive in column 1. (END)
2FE1 3FFF             00514 END
MPASM 5.87                  TECLADOYDISP.ASM   5-12-2026  15:54:43         PAGE 12


SYMBOL TABLE
  LABEL                             VALUE 

ABDEN                             00000000
ABDOVF                            00000007
ACKDT                             00000005
ACKEN                             00000004
ACKSTAT                           00000006
ACTUAL                            00000025
ADCON0                            0000001F
ADCON1                            0000009F
ADCS0                             00000006
ADCS1                             00000007
ADDEN                             00000003
ADFM                              00000007
ADIE                              00000006
ADIF                              00000006
ADON                              00000000
ADRESH                            0000001E
ADRESL                            0000009E
ANS0                              00000000
ANS1                              00000001
ANS10                             00000002
ANS11                             00000003
ANS12                             00000004
ANS13                             00000005
ANS2                              00000002
ANS3                              00000003
ANS4                              00000004
ANS5                              00000005
ANS6                              00000006
ANS7                              00000007
ANS8                              00000000
ANS9                              00000001
ANSEL                             00000188
ANSELH                            00000189
ANTIRREBOTE                       00000093
AR1                               00000095
AR2                               00000097
AVANZAR                           000000C0
BAUDCTL                           00000187
BCLIE                             00000003
BCLIF                             00000003
BF                                00000000
BRG0                              00000000
BRG1                              00000001
BRG10                             00000002
BRG11                             00000003
BRG12                             00000004
BRG13                             00000005
BRG14                             00000006
BRG15                             00000007
BRG16                             00000003
BRG2                              00000002
BRG3                              00000003
BRG4                              00000004
MPASM 5.87                  TECLADOYDISP.ASM   5-12-2026  15:54:43         PAGE 13


SYMBOL TABLE
  LABEL                             VALUE 

BRG5                              00000005
BRG6                              00000006
BRG7                              00000007
BRG8                              00000000
BRG9                              00000001
BRGH                              00000002
C                                 00000000
C1CH0                             00000000
C1CH1                             00000001
C1IE                              00000005
C1IF                              00000005
C1OE                              00000005
C1ON                              00000007
C1OUT                             00000006
C1POL                             00000004
C1R                               00000002
C1RSEL                            00000005
C1SEN                             00000005
C2CH0                             00000000
C2CH1                             00000001
C2IE                              00000006
C2IF                              00000006
C2OE                              00000005
C2ON                              00000007
C2OUT                             00000006
C2POL                             00000004
C2R                               00000002
C2REN                             00000004
C2RSEL                            00000004
C2SYNC                            00000000
CCP1CON                           00000017
CCP1IE                            00000002
CCP1IF                            00000002
CCP1M0                            00000000
CCP1M1                            00000001
CCP1M2                            00000002
CCP1M3                            00000003
CCP1X                             00000005
CCP1Y                             00000004
CCP2CON                           0000001D
CCP2IE                            00000000
CCP2IF                            00000000
CCP2M0                            00000000
CCP2M1                            00000001
CCP2M2                            00000002
CCP2M3                            00000003
CCP2X                             00000005
CCP2Y                             00000004
CCPR1                             00000015
CCPR1H                            00000016
CCPR1L                            00000015
CCPR2                             0000001B
CCPR2H                            0000001C
MPASM 5.87                  TECLADOYDISP.ASM   5-12-2026  15:54:43         PAGE 14


SYMBOL TABLE
  LABEL                             VALUE 

CCPR2L                            0000001B
CHS0                              00000002
CHS1                              00000003
CHS2                              00000004
CHS3                              00000005
CKE                               00000006
CKP                               00000004
CM1CON0                           00000107
CM2CON0                           00000108
CM2CON1                           00000109
CREN                              00000004
CSRC                              00000007
D                                 00000005
DATA_ADDRESS                      00000005
DC                                00000001
DC1B0                             00000004
DC1B1                             00000005
DC2B0                             00000004
DC2B1                             00000005
DELAY_SCAN                        0000008A
DIG0                              00000021
DIG1                              00000022
DIG2                              00000023
DIG3                              00000024
DISP0                             000000AD
DISP1                             000000B2
DISP2                             000000B7
DISP3                             000000BC
DS1                               0000008C
DS2                               0000008E
D_A                               00000005
D_NOT_A                           00000005
ECCPAS                            0000009C
ECCPAS0                           00000004
ECCPAS1                           00000005
ECCPAS2                           00000006
ECCPASE                           00000007
EEADR                             0000010D
EEADRH                            0000010F
EECON1                            0000018C
EECON2                            0000018D
EEDAT                             0000010C
EEDATA                            0000010C
EEDATH                            0000010E
EEIE                              00000004
EEIF                              00000004
EEPGD                             00000007
ESPERA_SOLTAR                     0000007E
F                                 00000001
FERR                              00000002
FIN_INTER                         000000C6
FSR                               00000004
FVREN                             00000000
MPASM 5.87                  TECLADOYDISP.ASM   5-12-2026  15:54:43         PAGE 15


SYMBOL TABLE
  LABEL                             VALUE 

GCEN                              00000007
GIE                               00000007
GO                                00000001
GO_DONE                           00000001
GO_NOT_DONE                       00000001
GUARDA_TECLA                      0000007D
HTS                               00000002
I2C_DATA                          00000005
I2C_READ                          00000002
I2C_START                         00000003
I2C_STOP                          00000004
INDF                              00000000
INICIO                            00000010
INTCON                            0000000B
INTE                              00000004
INTEDG                            00000006
INTERB                            00000035
INTERT                            0000009C
INTF                              00000001
IOCB                              00000096
IOCB0                             00000000
IOCB1                             00000001
IOCB2                             00000002
IOCB3                             00000003
IOCB4                             00000004
IOCB5                             00000005
IOCB6                             00000006
IOCB7                             00000007
IRCF0                             00000004
IRCF1                             00000005
IRCF2                             00000006
IRP                               00000007
ISR                               0000002F
LEER_TECLADO                      00000045
LOOP                              0000002E
LTS                               00000001
MC1OUT                            00000007
MC2OUT                            00000006
MSK                               00000093
MSK0                              00000000
MSK1                              00000001
MSK2                              00000002
MSK3                              00000003
MSK4                              00000004
MSK5                              00000005
MSK6                              00000006
MSK7                              00000007
NOT_A                             00000005
NOT_ADDRESS                       00000005
NOT_BO                            00000000
NOT_BOR                           00000000
NOT_DONE                          00000001
NOT_PD                            00000003
MPASM 5.87                  TECLADOYDISP.ASM   5-12-2026  15:54:43         PAGE 16


SYMBOL TABLE
  LABEL                             VALUE 

NOT_POR                           00000001
NOT_RBPU                          00000007
NOT_RC8                           00000006
NOT_T1SYNC                        00000002
NOT_TO                            00000004
NOT_TX8                           00000006
NOT_W                             00000002
NOT_WRITE                         00000002
OERR                              00000001
OPTION_REG                        00000081
OSCCON                            0000008F
OSCTUNE                           00000090
OSFIE                             00000007
OSFIF                             00000007
OSTS                              00000003
P                                 00000004
P1M0                              00000006
P1M1                              00000007
PCL                               00000002
PCLATH                            0000000A
PCON                              0000008E
PDC0                              00000000
PDC1                              00000001
PDC2                              00000002
PDC3                              00000003
PDC4                              00000004
PDC5                              00000005
PDC6                              00000006
PEIE                              00000006
PEN                               00000002
PIE1                              0000008C
PIE2                              0000008D
PIR1                              0000000C
PIR2                              0000000D
PORTA                             00000005
PORTB                             00000006
PORTC                             00000007
PORTD                             00000008
PORTE                             00000009
PR2                               00000092
PRSEN                             00000007
PS0                               00000000
PS1                               00000001
PS2                               00000002
PSA                               00000003
PSSAC0                            00000002
PSSAC1                            00000003
PSSBD0                            00000000
PSSBD1                            00000001
PSTRCON                           0000009D
PULSR                             00000002
PULSS                             00000003
PWM1CON                           0000009B
MPASM 5.87                  TECLADOYDISP.ASM   5-12-2026  15:54:43         PAGE 17


SYMBOL TABLE
  LABEL                             VALUE 

R                                 00000002
RA0                               00000000
RA1                               00000001
RA2                               00000002
RA3                               00000003
RA4                               00000004
RA5                               00000005
RA6                               00000006
RA7                               00000007
RB0                               00000000
RB1                               00000001
RB2                               00000002
RB3                               00000003
RB4                               00000004
RB5                               00000005
RB6                               00000006
RB7                               00000007
RBIE                              00000003
RBIF                              00000000
RC0                               00000000
RC1                               00000001
RC2                               00000002
RC3                               00000003
RC4                               00000004
RC5                               00000005
RC6                               00000006
RC7                               00000007
RC8_9                             00000006
RC9                               00000006
RCD8                              00000000
RCEN                              00000003
RCIDL                             00000006
RCIE                              00000005
RCIF                              00000005
RCREG                             0000001A
RCSTA                             00000018
RD                                00000000
RD0                               00000000
RD1                               00000001
RD2                               00000002
RD3                               00000003
RD4                               00000004
RD5                               00000005
RD6                               00000006
RD7                               00000007
RE0                               00000000
RE1                               00000001
RE2                               00000002
RE3                               00000003
READ_WRITE                        00000002
REG2                              00000029
REG3                              0000002A
REG4                              0000002B
MPASM 5.87                  TECLADOYDISP.ASM   5-12-2026  15:54:43         PAGE 18


SYMBOL TABLE
  LABEL                             VALUE 

RP0                               00000005
RP1                               00000006
RSEN                              00000001
RX9                               00000006
RX9D                              00000000
R_NOT_W                           00000002
R_W                               00000002
S                                 00000003
SBOREN                            00000004
SCKP                              00000004
SCS                               00000000
SEN                               00000000
SENDB                             00000003
SMP                               00000007
SPBRG                             00000099
SPBRGH                            0000009A
SPEN                              00000007
SR0                               00000006
SR1                               00000007
SRCON                             00000185
SREN                              00000005
SSPADD                            00000093
SSPBUF                            00000013
SSPCON                            00000014
SSPCON2                           00000091
SSPEN                             00000005
SSPIE                             00000003
SSPIF                             00000003
SSPM0                             00000000
SSPM1                             00000001
SSPM2                             00000002
SSPM3                             00000003
SSPMSK                            00000093
SSPOV                             00000006
SSPSTAT                           00000094
STATUS                            00000003
STRA                              00000000
STRB                              00000001
STRC                              00000002
STRD                              00000003
STRSYNC                           00000004
SWDTEN                            00000000
SYNC                              00000004
S_TEMP                            00000027
T0CS                              00000005
T0IE                              00000005
T0IF                              00000002
T0SE                              00000004
T1CKPS0                           00000004
T1CKPS1                           00000005
T1CON                             00000010
T1GINV                            00000007
T1GIV                             00000007
MPASM 5.87                  TECLADOYDISP.ASM   5-12-2026  15:54:43         PAGE 19


SYMBOL TABLE
  LABEL                             VALUE 

T1GSS                             00000001
T1INSYNC                          00000002
T1OSCEN                           00000003
T1SYNC                            00000002
T2CKPS0                           00000000
T2CKPS1                           00000001
T2CON                             00000012
TABLA                             00000005
TECLA                             00000028
TECLA_0                           00000069
TECLA_1                           0000006B
TECLA_2                           0000006D
TECLA_3                           0000006F
TECLA_4                           00000071
TECLA_5                           00000073
TECLA_6                           00000075
TECLA_7                           00000077
TECLA_8                           00000079
TECLA_9                           0000007B
TMR0                              00000001
TMR0IE                            00000005
TMR0IF                            00000002
TMR1                              0000000E
TMR1CS                            00000001
TMR1GE                            00000006
TMR1H                             0000000F
TMR1IE                            00000000
TMR1IF                            00000000
TMR1L                             0000000E
TMR1ON                            00000000
TMR2                              00000011
TMR2IE                            00000001
TMR2IF                            00000001
TMR2ON                            00000002
TOUTPS0                           00000003
TOUTPS1                           00000004
TOUTPS2                           00000005
TOUTPS3                           00000006
TRISA                             00000085
TRISA0                            00000000
TRISA1                            00000001
TRISA2                            00000002
TRISA3                            00000003
TRISA4                            00000004
TRISA5                            00000005
TRISA6                            00000006
TRISA7                            00000007
TRISB                             00000086
TRISB0                            00000000
TRISB1                            00000001
TRISB2                            00000002
TRISB3                            00000003
TRISB4                            00000004
MPASM 5.87                  TECLADOYDISP.ASM   5-12-2026  15:54:43         PAGE 20


SYMBOL TABLE
  LABEL                             VALUE 

TRISB5                            00000005
TRISB6                            00000006
TRISB7                            00000007
TRISC                             00000087
TRISC0                            00000000
TRISC1                            00000001
TRISC2                            00000002
TRISC3                            00000003
TRISC4                            00000004
TRISC5                            00000005
TRISC6                            00000006
TRISC7                            00000007
TRISD                             00000088
TRISD0                            00000000
TRISD1                            00000001
TRISD2                            00000002
TRISD3                            00000003
TRISD4                            00000004
TRISD5                            00000005
TRISD6                            00000006
TRISD7                            00000007
TRISE                             00000089
TRISE0                            00000000
TRISE1                            00000001
TRISE2                            00000002
TRISE3                            00000003
TRMT                              00000001
TUN0                              00000000
TUN1                              00000001
TUN2                              00000002
TUN3                              00000003
TUN4                              00000004
TX8_9                             00000006
TX9                               00000006
TX9D                              00000000
TXD8                              00000000
TXEN                              00000005
TXIE                              00000004
TXIF                              00000004
TXREG                             00000019
TXSTA                             00000098
UA                                00000001
ULPWUE                            00000005
ULPWUIE                           00000002
ULPWUIF                           00000002
VCFG0                             00000004
VCFG1                             00000005
VR0                               00000000
VR1                               00000001
VR2                               00000002
VR3                               00000003
VRCON                             00000097
VREN                              00000007
MPASM 5.87                  TECLADOYDISP.ASM   5-12-2026  15:54:43         PAGE 21


SYMBOL TABLE
  LABEL                             VALUE 

VROE                              00000006
VRR                               00000005
VRSS                              00000004
W                                 00000000
WCOL                              00000007
WDTCON                            00000105
WDTPS0                            00000001
WDTPS1                            00000002
WDTPS2                            00000003
WDTPS3                            00000004
WPUB                              00000095
WPUB0                             00000000
WPUB1                             00000001
WPUB2                             00000002
WPUB3                             00000003
WPUB4                             00000004
WPUB5                             00000005
WPUB6                             00000006
WPUB7                             00000007
WR                                00000001
WREN                              00000002
WRERR                             00000003
WUE                               00000001
W_TEMP                            00000026
Z                                 00000002
_BOR21V                           00003EFF
_BOR40V                           00003FFF
_BOR4V_BOR21V                     00003EFF
_BOR4V_BOR40V                     00003FFF
_BOREN_NSLEEP                     00003EFF
_BOREN_OFF                        00003CFF
_BOREN_ON                         00003FFF
_BOREN_SBODEN                     00003DFF
_BOR_NSLEEP                       00003EFF
_BOR_OFF                          00003CFF
_BOR_ON                           00003FFF
_BOR_SBODEN                       00003DFF
_CONFIG1                          00002007
_CONFIG2                          00002008
_CPD_OFF                          00003FFF
_CPD_ON                           00003F7F
_CP_OFF                           00003FFF
_CP_ON                            00003FBF
_DEBUG_OFF                        00003FFF
_DEBUG_ON                         00001FFF
_DEVID1                           00002006
_EC_OSC                           00003FFB
_EXTRC                            00003FFF
_EXTRCIO                          00003FFE
_EXTRC_OSC_CLKOUT                 00003FFF
_EXTRC_OSC_NOCLKOUT               00003FFE
_FCMEN_OFF                        000037FF
_FCMEN_ON                         00003FFF
MPASM 5.87                  TECLADOYDISP.ASM   5-12-2026  15:54:43         PAGE 22


SYMBOL TABLE
  LABEL                             VALUE 

_FOSC_EC                          00003FFB
_FOSC_EXTRC_CLKOUT                00003FFF
_FOSC_EXTRC_NOCLKOUT              00003FFE
_FOSC_HS                          00003FFA
_FOSC_INTRC_CLKOUT                00003FFD
_FOSC_INTRC_NOCLKOUT              00003FFC
_FOSC_LP                          00003FF8
_FOSC_XT                          00003FF9
_HS_OSC                           00003FFA
_IDLOC0                           00002000
_IDLOC1                           00002001
_IDLOC2                           00002002
_IDLOC3                           00002003
_IESO_OFF                         00003BFF
_IESO_ON                          00003FFF
_INTOSC                           00003FFD
_INTOSCIO                         00003FFC
_INTRC_OSC_CLKOUT                 00003FFD
_INTRC_OSC_NOCLKOUT               00003FFC
_LP_OSC                           00003FF8
_LVP_OFF                          00002FFF
_LVP_ON                           00003FFF
_MCLRE_OFF                        00003FDF
_MCLRE_ON                         00003FFF
_PWRTE_OFF                        00003FFF
_PWRTE_ON                         00003FEF
_WDTE_OFF                         00003FF7
_WDTE_ON                          00003FFF
_WDT_OFF                          00003FF7
_WDT_ON                           00003FFF
_WRT_1FOURTH                      00003BFF
_WRT_256                          00003DFF
_WRT_HALF                         000039FF
_WRT_OFF                          00003FFF
_XT_OSC                           00003FF9
__16F887                          00000001

Errors   :     0
Warnings :     4 reported,     0 suppressed
Messages :     6 reported,     0 suppressed

